This is pdfTeX, Version 3.14159265-2.6-1.40.21 (TeX Live 2020/Arch Linux) (preloaded format=pdflatex 2021.2.28)  1 MAR 2021 03:26
entering extended mode
 restricted \write18 enabled.
 %&-line parsing enabled.
**TP4.tex
(./TP4.tex
LaTeX2e <2020-10-01> patch level 2
L3 programming layer <2020-12-03> xparse <2020-03-03>
(/usr/share/texmf-dist/tex/latex/base/article.cls
Document Class: article 2020/04/10 v1.4m Standard LaTeX document class
(/usr/share/texmf-dist/tex/latex/base/size10.clo
File: size10.clo 2020/04/10 v1.4m Standard LaTeX file (size option)
)
\c@part=\count177
\c@section=\count178
\c@subsection=\count179
\c@subsubsection=\count180
\c@paragraph=\count181
\c@subparagraph=\count182
\c@figure=\count183
\c@table=\count184
\abovecaptionskip=\skip47
\belowcaptionskip=\skip48
\bibindent=\dimen138
)
(/usr/share/texmf-dist/tex/latex/graphics/graphicx.sty
Package: graphicx 2020/09/09 v1.2b Enhanced LaTeX Graphics (DPC,SPQR)

(/usr/share/texmf-dist/tex/latex/graphics/keyval.sty
Package: keyval 2014/10/28 v1.15 key=value parser (DPC)
\KV@toks@=\toks15
)
(/usr/share/texmf-dist/tex/latex/graphics/graphics.sty
Package: graphics 2020/08/30 v1.4c Standard LaTeX Graphics (DPC,SPQR)

(/usr/share/texmf-dist/tex/latex/graphics/trig.sty
Package: trig 2016/01/03 v1.10 sin cos tan (DPC)
)
(/usr/share/texmf-dist/tex/latex/graphics-cfg/graphics.cfg
File: graphics.cfg 2016/06/04 v1.11 sample graphics configuration
)
Package graphics Info: Driver file: pdftex.def on input line 105.

(/usr/share/texmf-dist/tex/latex/graphics-def/pdftex.def
File: pdftex.def 2020/10/05 v1.2a Graphics/color driver for pdftex
))
\Gin@req@height=\dimen139
\Gin@req@width=\dimen140
)
(/usr/share/texmf-dist/tex/latex/float/float.sty
Package: float 2001/11/08 v1.3d Float enhancements (AL)
\c@float@type=\count185
\float@exts=\toks16
\float@box=\box47
\@float@everytoks=\toks17
\@floatcapt=\box48
)
(/usr/share/texmf-dist/tex/latex/caption/caption.sty
Package: caption 2020/10/26 v3.5g Customizing captions (AR)

(/usr/share/texmf-dist/tex/latex/caption/caption3.sty
Package: caption3 2020/10/21 v2.2e caption3 kernel (AR)
\captionmargin=\dimen141
\captionmargin@=\dimen142
\captionwidth=\dimen143
\caption@tempdima=\dimen144
\caption@indent=\dimen145
\caption@parindent=\dimen146
\caption@hangindent=\dimen147
Package caption Info: Standard document class detected.
)
\c@caption@flags=\count186
\c@continuedfloat=\count187
Package caption Info: float package is loaded.
)
(/usr/share/texmf-dist/tex/latex/subfigure/subfigure.sty
Package: subfigure 2002/03/15 v2.1.5 subfigure package
\subfigtopskip=\skip49
\subfigcapskip=\skip50
\subfigcaptopadj=\dimen148
\subfigbottomskip=\skip51
\subfigcapmargin=\dimen149
\subfiglabelskip=\skip52
\c@subfigure=\count188
\c@lofdepth=\count189
\c@subtable=\count190
\c@lotdepth=\count191

****************************************
* Local config file subfigure.cfg used *
****************************************
(/usr/share/texmf-dist/tex/latex/subfigure/subfigure.cfg)
\subfig@top=\skip53
\subfig@bottom=\skip54
)
(/usr/share/texmf-dist/tex/latex/amsmath/amsmath.sty
Package: amsmath 2020/09/23 v2.17i AMS math features
\@mathmargin=\skip55

For additional information on amsmath, use the `?' option.
(/usr/share/texmf-dist/tex/latex/amsmath/amstext.sty
Package: amstext 2000/06/29 v2.01 AMS text

(/usr/share/texmf-dist/tex/latex/amsmath/amsgen.sty
File: amsgen.sty 1999/11/30 v2.0 generic functions
\@emptytoks=\toks18
\ex@=\dimen150
))
(/usr/share/texmf-dist/tex/latex/amsmath/amsbsy.sty
Package: amsbsy 1999/11/29 v1.2d Bold Symbols
\pmbraise@=\dimen151
)
(/usr/share/texmf-dist/tex/latex/amsmath/amsopn.sty
Package: amsopn 2016/03/08 v2.02 operator names
)
\inf@bad=\count192
LaTeX Info: Redefining \frac on input line 234.
\uproot@=\count193
\leftroot@=\count194
LaTeX Info: Redefining \overline on input line 399.
\classnum@=\count195
\DOTSCASE@=\count196
LaTeX Info: Redefining \ldots on input line 496.
LaTeX Info: Redefining \dots on input line 499.
LaTeX Info: Redefining \cdots on input line 620.
\Mathstrutbox@=\box49
\strutbox@=\box50
\big@size=\dimen152
LaTeX Font Info:    Redeclaring font encoding OML on input line 743.
LaTeX Font Info:    Redeclaring font encoding OMS on input line 744.
\macc@depth=\count197
\c@MaxMatrixCols=\count198
\dotsspace@=\muskip16
\c@parentequation=\count199
\dspbrk@lvl=\count266
\tag@help=\toks19
\row@=\count267
\column@=\count268
\maxfields@=\count269
\andhelp@=\toks20
\eqnshift@=\dimen153
\alignsep@=\dimen154
\tagshift@=\dimen155
\tagwidth@=\dimen156
\totwidth@=\dimen157
\lineht@=\dimen158
\@envbody=\toks21
\multlinegap=\skip56
\multlinetaggap=\skip57
\mathdisplay@stack=\toks22
LaTeX Info: Redefining \[ on input line 2923.
LaTeX Info: Redefining \] on input line 2924.
)
(/usr/share/texmf-dist/tex/latex/l3backend/l3backend-pdftex.def
File: l3backend-pdftex.def 2020-09-24 L3 backend support: PDF output (pdfTeX)
\l__kernel_color_stack_int=\count270
\l__pdf_internal_box=\box51
) (./TP4.aux)
LaTeX Font Info:    Checking defaults for OML/cmm/m/it on input line 13.
LaTeX Font Info:    ... okay on input line 13.
LaTeX Font Info:    Checking defaults for OMS/cmsy/m/n on input line 13.
LaTeX Font Info:    ... okay on input line 13.
LaTeX Font Info:    Checking defaults for OT1/cmr/m/n on input line 13.
LaTeX Font Info:    ... okay on input line 13.
LaTeX Font Info:    Checking defaults for T1/cmr/m/n on input line 13.
LaTeX Font Info:    ... okay on input line 13.
LaTeX Font Info:    Checking defaults for TS1/cmr/m/n on input line 13.
LaTeX Font Info:    ... okay on input line 13.
LaTeX Font Info:    Checking defaults for OMX/cmex/m/n on input line 13.
LaTeX Font Info:    ... okay on input line 13.
LaTeX Font Info:    Checking defaults for U/cmr/m/n on input line 13.
LaTeX Font Info:    ... okay on input line 13.

(/usr/share/texmf-dist/tex/context/base/mkii/supp-pdf.mkii
[Loading MPS to PDF converter (version 2006.09.02).]
\scratchcounter=\count271
\scratchdimen=\dimen159
\scratchbox=\box52
\nofMPsegments=\count272
\nofMParguments=\count273
\everyMPshowfont=\toks23
\MPscratchCnt=\count274
\MPscratchDim=\dimen160
\MPnumerator=\count275
\makeMPintoPDFobject=\count276
\everyMPtoPDFconversion=\toks24
) (/usr/share/texmf-dist/tex/latex/epstopdf-pkg/epstopdf-base.sty
Package: epstopdf-base 2020-01-24 v2.11 Base part for package epstopdf

(/usr/share/texmf-dist/tex/generic/infwarerr/infwarerr.sty
Package: infwarerr 2019/12/03 v1.5 Providing info/warning/error messages (HO)
)
(/usr/share/texmf-dist/tex/latex/grfext/grfext.sty
Package: grfext 2019/12/03 v1.3 Manage graphics extensions (HO)

(/usr/share/texmf-dist/tex/generic/kvdefinekeys/kvdefinekeys.sty
Package: kvdefinekeys 2019-12-19 v1.6 Define keys (HO)
))
(/usr/share/texmf-dist/tex/latex/kvoptions/kvoptions.sty
Package: kvoptions 2020-10-07 v3.14 Key value format for package options (HO)

(/usr/share/texmf-dist/tex/generic/ltxcmds/ltxcmds.sty
Package: ltxcmds 2020-05-10 v1.25 LaTeX kernel commands for general use (HO)
)
(/usr/share/texmf-dist/tex/generic/kvsetkeys/kvsetkeys.sty
Package: kvsetkeys 2019/12/15 v1.18 Key value parser (HO)
))
(/usr/share/texmf-dist/tex/generic/pdftexcmds/pdftexcmds.sty
Package: pdftexcmds 2020-06-27 v0.33 Utility functions of pdfTeX for LuaTeX (HO
)

(/usr/share/texmf-dist/tex/generic/iftex/iftex.sty
Package: iftex 2020/03/06 v1.0d TeX engine tests
)
Package pdftexcmds Info: \pdf@primitive is available.
Package pdftexcmds Info: \pdf@ifprimitive is available.
Package pdftexcmds Info: \pdfdraftmode found.
)
Package epstopdf-base Info: Redefining graphics rule for `.eps' on input line 4
85.
Package grfext Info: Graphics extension search list:
(grfext)             [.pdf,.png,.jpg,.mps,.jpeg,.jbig2,.jb2,.PDF,.PNG,.JPG,.JPE
G,.JBIG2,.JB2,.eps]
(grfext)             \AppendGraphicsExtensions on input line 504.

(/usr/share/texmf-dist/tex/latex/latexconfig/epstopdf-sys.cfg
File: epstopdf-sys.cfg 2010/07/13 v1.3 Configuration of (r)epstopdf for TeX Liv
e
))
Package caption Info: Begin \AtBeginDocument code.
Package caption Info: subfigure package is loaded.
Package caption Info: End \AtBeginDocument code.
<figure14.png, id=1, 435.6275pt x 177.66376pt>
File: figure14.png Graphic file (type png)
<use figure14.png>
Package pdftex.def Info: figure14.png  used on input line 30.
(pdftex.def)             Requested size: 241.49895pt x 98.49068pt.
 [1

{/var/lib/texmf/fonts/map/pdftex/updmap/pdftex.map} <./figure14.png (PNG copy)>
]
Overfull \hbox (29.8097pt too wide) detected at line 46
\OML/cmm/m/it/10 P[] \OT1/cmr/m/n/10 = 0\OML/cmm/m/it/10 dBm;  PSD \OT1/cmr/m/n
/10 = 2\OML/cmm/m/it/10 :\OT1/cmr/m/n/10 816 \OMS/cmsy/m/n/10 ^^B \OT1/cmr/m/n/
10 10[] \OMS/cmsy/m/n/10 ^^B \OT1/cmr/m/n/10 50 \OMS/cmsy/m/n/10 ^^B \OT1/cmr/m
/n/10 10[]\OML/cmm/m/it/10 nW \OT1/cmr/m/n/10 = 1\OML/cmm/m/it/10 :\OT1/cmr/m/n
/10 408 \OMS/cmsy/m/n/10 ^^B \OT1/cmr/m/n/10 10[]\OML/cmm/m/it/10 nW \OT1/cmr/m
/n/10 = \OMS/cmsy/m/n/10 ^^@\OT1/cmr/m/n/10 168\OML/cmm/m/it/10 :\OT1/cmr/m/n/1
0 51\OML/cmm/m/it/10 dBm
 []

<figure1.pdf, id=17, 1227.08438pt x 388.45125pt>
File: figure1.pdf Graphic file (type pdf)
<use figure1.pdf>
Package pdftex.def Info: figure1.pdf  used on input line 58.
(pdftex.def)             Requested size: 241.49895pt x 76.45006pt.
<figure2.png, id=18, 1184.92688pt x 318.43968pt>
File: figure2.png Graphic file (type png)
<use figure2.png>
Package pdftex.def Info: figure2.png  used on input line 69.
(pdftex.def)             Requested size: 241.49895pt x 64.89668pt.
[2 <./figure1.pdf>]
<figure 3-1.jpg, id=25, 1445.4pt x 1084.05pt>
File: figure 3-1.jpg Graphic file (type jpg)
<use figure 3-1.jpg>
Package pdftex.def Info: figure 3-1.jpg  used on input line 78.
(pdftex.def)             Requested size: 169.0519pt x 126.78868pt.
<figure 3-2.jpg, id=26, 1445.4pt x 1084.05pt>
File: figure 3-2.jpg Graphic file (type jpg)
<use figure 3-2.jpg>
Package pdftex.def Info: figure 3-2.jpg  used on input line 79.
(pdftex.def)             Requested size: 169.0519pt x 126.78868pt.
<figure 4-1.jpg, id=27, 1445.4pt x 1084.05pt>
File: figure 4-1.jpg Graphic file (type jpg)
<use figure 4-1.jpg>
Package pdftex.def Info: figure 4-1.jpg  used on input line 95.
(pdftex.def)             Requested size: 169.0519pt x 126.78868pt.
<figure 4-2.jpg, id=28, 1445.4pt x 1084.05pt>
File: figure 4-2.jpg Graphic file (type jpg)
<use figure 4-2.jpg>
Package pdftex.def Info: figure 4-2.jpg  used on input line 96.
(pdftex.def)             Requested size: 169.0519pt x 126.78868pt.
 [3 <./figure2.png> <./figure 3-1.jpg> <./figure 3-2.jpg>]
<figure 5.jpg, id=33, 1445.4pt x 1084.05pt>
File: figure 5.jpg Graphic file (type jpg)
<use figure 5.jpg>
Package pdftex.def Info: figure 5.jpg  used on input line 106.
(pdftex.def)             Requested size: 207.0021pt x 155.23962pt.

[4 <./figure 4-1.jpg> <./figure 4-2.jpg> <./figure 5.jpg>]
<figure 6.png, id=37, 675.27281pt x 228.855pt>
File: figure 6.png Graphic file (type png)
<use figure 6.png>
Package pdftex.def Info: figure 6.png  used on input line 131.
(pdftex.def)             Requested size: 241.49895pt x 81.84297pt.
 [5 <./figure 6.png>]
<figure 7.png, id=42, 488.57532pt x 306.39468pt>
File: figure 7.png Graphic file (type png)
<use figure 7.png>
Package pdftex.def Info: figure 7.png  used on input line 176.
(pdftex.def)             Requested size: 207.0021pt x 129.81628pt.
[6 <./figure 7.png>]
<figure 8.png, id=47, 616.80438pt x 138.01563pt>
File: figure 8.png Graphic file (type png)
<use figure 8.png>
Package pdftex.def Info: figure 8.png  used on input line 190.
(pdftex.def)             Requested size: 241.49895pt x 54.03645pt.
<figure 9.png, id=48, 453.19313pt x 283.55937pt>
File: figure 9.png Graphic file (type png)
<use figure 9.png>
Package pdftex.def Info: figure 9.png  used on input line 198.
(pdftex.def)             Requested size: 241.49895pt x 151.1035pt.
 [7 <./figure 8.png (PNG copy)>]
<table2.png, id=53, 318.43968pt x 148.30406pt>
File: table2.png Graphic file (type png)
<use table2.png>
Package pdftex.def Info: table2.png  used on input line 209.
(pdftex.def)             Requested size: 172.5pt x 80.33643pt.
<figure10.png, id=54, 459.96844pt x 280.04625pt>
File: figure10.png Graphic file (type png)
<use figure10.png>
Package pdftex.def Info: figure10.png  used on input line 210.
(pdftex.def)             Requested size: 155.24895pt x 94.5222pt.
 [8 <./figure 9.png (PNG copy)> <./table2.png (PNG copy)> <./figure10.png (PNG 
copy)>]
<figure11.png, id=58, 327.2225pt x 146.5475pt>
File: figure11.png Graphic file (type png)
<use figure11.png>
Package pdftex.def Info: figure11.png  used on input line 241.
(pdftex.def)             Requested size: 241.49895pt x 108.15497pt.
 [9 <./figure11.png (PNG copy)>]
<figure13.png, id=62, 364.86313pt x 219.82124pt>
File: figure13.png Graphic file (type png)
<use figure13.png>
Package pdftex.def Info: figure13.png  used on input line 280.
(pdftex.def)             Requested size: 241.49895pt x 145.49838pt.
<figure12.png, id=63, 555.57562pt x 171.64125pt>
File: figure12.png Graphic file (type png)
<use figure12.png>
Package pdftex.def Info: figure12.png  used on input line 292.
(pdftex.def)             Requested size: 241.49895pt x 74.61095pt.
 [10 <./figure13.png (PNG copy)> <./figure12.png (PNG copy)>]
[11] (./TP4.aux) ) 
Here is how much of TeX's memory you used:
 3886 strings out of 479383
 61660 string characters out of 5875830
 342755 words of memory out of 5000000
 20958 multiletter control sequences out of 15000+600000
 408812 words of font info for 46 fonts, out of 8000000 for 9000
 1141 hyphenation exceptions out of 8191
 70i,10n,76p,733b,310s stack positions out of 5000i,500n,10000p,200000b,80000s
</usr/share/texmf-dist/fonts/type1/public/amsfonts/cm/cmbx12.
pfb></usr/share/texmf-dist/fonts/type1/public/amsfonts/cm/cmmi10.pfb></usr/shar
e/texmf-dist/fonts/type1/public/amsfonts/cm/cmmi5.pfb></usr/share/texmf-dist/fo
nts/type1/public/amsfonts/cm/cmmi7.pfb></usr/share/texmf-dist/fonts/type1/publi
c/amsfonts/cm/cmr10.pfb></usr/share/texmf-dist/fonts/type1/public/amsfonts/cm/c
mr12.pfb></usr/share/texmf-dist/fonts/type1/public/amsfonts/cm/cmr5.pfb></usr/s
hare/texmf-dist/fonts/type1/public/amsfonts/cm/cmr7.pfb></usr/share/texmf-dist/
fonts/type1/public/amsfonts/cm/cmsy10.pfb></usr/share/texmf-dist/fonts/type1/pu
blic/amsfonts/cm/cmsy7.pfb>
Output written on TP4.pdf (11 pages, 1708001 bytes).
PDF statistics:
 103 PDF objects out of 1000 (max. 8388607)
 58 compressed objects within 1 object stream
 0 named destinations out of 1000 (max. 500000)
 86 words of extra memory for PDF output out of 10000 (max. 10000000)

